Using pre-set license
Built from '2023.2/staging' branch; Version is '2023.2.20f1 (0e25a174756c) revision 927137'; Using compiler version '193431935'; Build Type 'Release'
OS: 'Windows 11  (10.0.26100) 64bit Professional' Language: 'ko' Physical Memory: 32673 MB
BatchMode: 1, IsHumanControllingUs: 0, StartBugReporterOnCrash: 0, Is64bit: 1, IsPro: 1

COMMAND LINE ARGUMENTS:
C:\Program Files\Unity\Hub\Editor\2023.2.20f1\Editor\Unity.exe
-adb2
-batchMode
-noUpm
-name
AssetImportWorker1
-projectPath
E:/Projects/2024/ProjectTTF
-logFile
Logs/AssetImportWorker1.log
-srvPort
12670
-job-worker-count
9
-background-job-worker-count
8
-asset-garbage-collectors
1
Successfully changed project path to: E:/Projects/2024/ProjectTTF
E:/Projects/2024/ProjectTTF
[UnityMemory] Configuration Parameters - Can be set up in boot.config
    "memorysetup-bucket-allocator-granularity=16"
    "memorysetup-bucket-allocator-bucket-count=8"
    "memorysetup-bucket-allocator-block-size=33554432"
    "memorysetup-bucket-allocator-block-count=8"
    "memorysetup-main-allocator-block-size=16777216"
    "memorysetup-thread-allocator-block-size=16777216"
    "memorysetup-gfx-main-allocator-block-size=16777216"
    "memorysetup-gfx-thread-allocator-block-size=16777216"
    "memorysetup-cache-allocator-block-size=4194304"
    "memorysetup-typetree-allocator-block-size=2097152"
    "memorysetup-profiler-bucket-allocator-granularity=16"
    "memorysetup-profiler-bucket-allocator-bucket-count=8"
    "memorysetup-profiler-bucket-allocator-block-size=33554432"
    "memorysetup-profiler-bucket-allocator-block-count=8"
    "memorysetup-profiler-allocator-block-size=16777216"
    "memorysetup-profiler-editor-allocator-block-size=1048576"
    "memorysetup-temp-allocator-size-main=16777216"
    "memorysetup-job-temp-allocator-block-size=2097152"
    "memorysetup-job-temp-allocator-block-size-background=1048576"
    "memorysetup-job-temp-allocator-reduction-small-platforms=262144"
    "memorysetup-allocator-temp-initial-block-size-main=262144"
    "memorysetup-allocator-temp-initial-block-size-worker=262144"
    "memorysetup-temp-allocator-size-background-worker=32768"
    "memorysetup-temp-allocator-size-job-worker=262144"
    "memorysetup-temp-allocator-size-preload-manager=33554432"
    "memorysetup-temp-allocator-size-nav-mesh-worker=65536"
    "memorysetup-temp-allocator-size-audio-worker=65536"
    "memorysetup-temp-allocator-size-cloud-worker=32768"
    "memorysetup-temp-allocator-size-gi-baking-worker=262144"
    "memorysetup-temp-allocator-size-gi-baking-worker=262144"
    "memorysetup-temp-allocator-size-gi-baking-worker=262144"
    "memorysetup-temp-allocator-size-gi-baking-worker=262144"
    "memorysetup-temp-allocator-size-gfx=262144"
Player connection [32392] Host "[IP] 192.168.50.41 [Port] 0 [Flags] 2 [Guid] 3453131798 [EditorId] 3453131798 [Version] 1048832 [Id] WindowsEditor(7,BUILD-PC) [Debug] 1 [PackageName] WindowsEditor [ProjectName] Editor" joined multi-casting on [225.0.0.222:54997]...
Player connection [32392] Host "[IP] 192.168.50.41 [Port] 0 [Flags] 2 [Guid] 3453131798 [EditorId] 3453131798 [Version] 1048832 [Id] WindowsEditor(7,BUILD-PC) [Debug] 1 [PackageName] WindowsEditor [ProjectName] Editor" joined alternative multi-casting on [225.0.0.222:34997]...
JobSystem: Creating JobQueue using job-worker-count value 9
[Physics::Module] Initialized MultithreadedJobDispatcher with 9 workers.
Library Redirect Path: Library/
Refreshing native plugins compatible for Editor in 1.05 ms, found 3 plugins.
Preloading 0 native plugins for Editor in 0.00 ms.
Initialize engine version: 2023.2.20f1 (0e25a174756c)
[Subsystems] Discovering subsystems at path C:/Program Files/Unity/Hub/Editor/2023.2.20f1/Editor/Data/Resources/UnitySubsystems
[Subsystems] Discovering subsystems at path E:/Projects/2024/ProjectTTF/Assets
GfxDevice: creating device client; kGfxThreadingModeNonThreaded
Direct3D:
    Version:  Direct3D 11.0 [level 11.1]
    Renderer: NVIDIA GeForce RTX 3080 (ID=0x2206)
    Vendor:   NVIDIA
    VRAM:     10053 MB
    Driver:   32.0.15.6094
Initialize mono
Mono path[0] = 'C:/Program Files/Unity/Hub/Editor/2023.2.20f1/Editor/Data/Managed'
Mono path[1] = 'C:/Program Files/Unity/Hub/Editor/2023.2.20f1/Editor/Data/MonoBleedingEdge/lib/mono/unityjit-win32'
Mono config path = 'C:/Program Files/Unity/Hub/Editor/2023.2.20f1/Editor/Data/MonoBleedingEdge/etc'
Using monoOptions --debugger-agent=transport=dt_socket,embedding=1,server=y,suspend=n,address=127.0.0.1:56228
Begin MonoManager ReloadAssembly
Registering precompiled unity dll's ...
Register platform support module: C:/Program Files/Unity/Hub/Editor/2023.2.20f1/Editor/Data/PlaybackEngines/WebGLSupport/UnityEditor.WebGL.Extensions.dll
Register platform support module: C:/Program Files/Unity/Hub/Editor/2023.2.20f1/Editor/Data/PlaybackEngines/WindowsStandaloneSupport/UnityEditor.WindowsStandalone.Extensions.dll
Register platform support module: C:/Program Files/Unity/Hub/Editor/2023.2.20f1/Editor/Data/PlaybackEngines/AndroidPlayer/UnityEditor.Android.Extensions.dll
Register platform support module: C:/Program Files/Unity/Hub/Editor/2023.2.20f1/Editor/Data/PlaybackEngines/LinuxStandaloneSupport/UnityEditor.LinuxStandalone.Extensions.dll
Registered in 0.005485 seconds.
- Loaded All Assemblies, in  0.440 seconds
Native extension for LinuxStandalone target not found
Native extension for Android target not found
Android Extension - Scanning For ADB Devices 455 ms
Native extension for WindowsStandalone target not found
Native extension for WebGL target not found
Mono: successfully reloaded assembly
- Finished resetting the current domain, in  0.853 seconds
Domain Reload Profiling: 1292ms
	BeginReloadAssembly (138ms)
		ExecutionOrderSort (0ms)
		DisableScriptedObjects (0ms)
		BackupInstance (0ms)
		ReleaseScriptingObjects (0ms)
		CreateAndSetChildDomain (1ms)
	RebuildCommonClasses (39ms)
	RebuildNativeTypeToScriptingClass (15ms)
	initialDomainReloadingComplete (56ms)
	LoadAllAssembliesAndSetupDomain (191ms)
		LoadAssemblies (137ms)
		RebuildTransferFunctionScriptingTraits (0ms)
		AnalyzeDomain (188ms)
			TypeCache.Refresh (186ms)
				TypeCache.ScanAssembly (169ms)
			BuildScriptInfoCaches (0ms)
			ResolveRequiredComponents (0ms)
	FinalizeReload (854ms)
		ReleaseScriptCaches (0ms)
		RebuildScriptCaches (0ms)
		SetupLoadedEditorAssemblies (789ms)
			LogAssemblyErrors (0ms)
			InitializePlatformSupportModulesInManaged (567ms)
			SetLoadedEditorAssemblies (4ms)
			BeforeProcessingInitializeOnLoad (5ms)
			ProcessInitializeOnLoadAttributes (159ms)
			ProcessInitializeOnLoadMethodAttributes (54ms)
			AfterProcessingInitializeOnLoad (0ms)
			EditorAssembliesLoaded (0ms)
		ExecutionOrderSort2 (0ms)
		AwakeInstancesAfterBackupRestoration (0ms)
========================================================================
Worker process is ready to serve import requests
Import Worker Mode flag is 0x00
Begin MonoManager ReloadAssembly
Symbol file LoadedFromMemory doesn't match image E:\Projects\2024\ProjectTTF\Library\PackageCache\com.unity.visualscripting@1.8.0\Editor\VisualScripting.Core\Dependencies\YamlDotNet\Unity.VisualScripting.YamlDotNet.dll
Symbol file LoadedFromMemory doesn't match image E:\Projects\2024\ProjectTTF\Library\PackageCache\com.unity.visualscripting@1.8.0\Editor\VisualScripting.Core\Dependencies\DotNetZip\Unity.VisualScripting.IonicZip.dll
Symbol file LoadedFromMemory is not a mono symbol file
- Loaded All Assemblies, in  1.052 seconds
Refreshing native plugins compatible for Editor in 0.54 ms, found 3 plugins.
Native extension for LinuxStandalone target not found
Native extension for Android target not found
Native extension for WindowsStandalone target not found
Native extension for WebGL target not found
Mono: successfully reloaded assembly
- Finished resetting the current domain, in  0.815 seconds
Domain Reload Profiling: 1866ms
	BeginReloadAssembly (366ms)
		ExecutionOrderSort (0ms)
		DisableScriptedObjects (8ms)
		BackupInstance (0ms)
		ReleaseScriptingObjects (0ms)
		CreateAndSetChildDomain (39ms)
	RebuildCommonClasses (37ms)
	RebuildNativeTypeToScriptingClass (13ms)
	initialDomainReloadingComplete (38ms)
	LoadAllAssembliesAndSetupDomain (597ms)
		LoadAssemblies (373ms)
		RebuildTransferFunctionScriptingTraits (0ms)
		AnalyzeDomain (325ms)
			TypeCache.Refresh (264ms)
				TypeCache.ScanAssembly (232ms)
			BuildScriptInfoCaches (44ms)
			ResolveRequiredComponents (11ms)
	FinalizeReload (816ms)
		ReleaseScriptCaches (0ms)
		RebuildScriptCaches (0ms)
		SetupLoadedEditorAssemblies (556ms)
			LogAssemblyErrors (0ms)
			InitializePlatformSupportModulesInManaged (21ms)
			SetLoadedEditorAssemblies (4ms)
			BeforeProcessingInitializeOnLoad (67ms)
			ProcessInitializeOnLoadAttributes (415ms)
			ProcessInitializeOnLoadMethodAttributes (45ms)
			AfterProcessingInitializeOnLoad (4ms)
			EditorAssembliesLoaded (0ms)
		ExecutionOrderSort2 (0ms)
		AwakeInstancesAfterBackupRestoration (9ms)
Launched and connected shader compiler UnityShaderCompiler.exe after 0.04 seconds
Refreshing native plugins compatible for Editor in 0.49 ms, found 3 plugins.
Preloading 0 native plugins for Editor in 0.00 ms.
Unloading 228 Unused Serialized files (Serialized files now loaded: 0)
Unloading 7088 unused Assets / (5.9 MB). Loaded Objects now: 7851.
Memory consumption went from 192.2 MB to 186.2 MB.
Total: 10.525100 ms (FindLiveObjects: 0.956900 ms CreateObjectMapping: 1.473900 ms MarkObjects: 4.694700 ms  DeleteObjects: 3.397900 ms)

========================================================================
Received Import Request.
  Time since last request: 46303.086228 seconds.
  path: Assets/06. Voxel/Character/Character_GameBot.vox
  artifactKey: Guid(2fd0e96d402d0f641870e16b3afd09eb) Importer(815301076,1909f56bfc062723c751e8b465ee728b)
Start importing Assets/06. Voxel/Character/Character_GameBot.vox using Guid(2fd0e96d402d0f641870e16b3afd09eb) Importer(815301076,1909f56bfc062723c751e8b465ee728b) (PreviewImporter) -> (artifact id: '38f249b203ad4019539359ebb4c5879b') in 0.3817104 seconds
Number of updated asset objects reloaded before import = 0Number of asset objects unloaded after import = 43

========================================================================
Received Import Request.
  Time since last request: 1086.864731 seconds.
  path: Assets/06. Voxel/Character/Character_Runner.vox
  artifactKey: Guid(d500f26f32cc32b4c811b896380645c0) Importer(815301076,1909f56bfc062723c751e8b465ee728b)
Start importing Assets/06. Voxel/Character/Character_Runner.vox using Guid(d500f26f32cc32b4c811b896380645c0) Importer(815301076,1909f56bfc062723c751e8b465ee728b) (PreviewImporter) -> (artifact id: '4fd1f2b46ec4497e6e12bbd4716df15b') in 0.0328581 seconds
Number of updated asset objects reloaded before import = 0Number of asset objects unloaded after import = 31

========================================================================
Received Import Request.
  Time since last request: 11484.638710 seconds.
  path: Assets/06. Voxel/Character/Character_RunnerBot_MintColor.png
  artifactKey: Guid(cb2f7620bf61ebb4fa694f46d1dde505) Importer(815301076,1909f56bfc062723c751e8b465ee728b)
Start importing Assets/06. Voxel/Character/Character_RunnerBot_MintColor.png using Guid(cb2f7620bf61ebb4fa694f46d1dde505) Importer(815301076,1909f56bfc062723c751e8b465ee728b) (PreviewImporter) -> (artifact id: '4294621f785ef42417e5e2164175ee7a') in 0.0373849 seconds
Number of updated asset objects reloaded before import = 0Number of asset objects unloaded after import = 2

========================================================================
Received Import Request.
  Time since last request: 32.339192 seconds.
  path: Assets/06. Voxel/Character/Character_RunnerBot_MintColor_0.mat
  artifactKey: Guid(e419b79ab27bfe242b2a7a92e61033d6) Importer(815301076,1909f56bfc062723c751e8b465ee728b)
Start importing Assets/06. Voxel/Character/Character_RunnerBot_MintColor_0.mat using Guid(e419b79ab27bfe242b2a7a92e61033d6) Importer(815301076,1909f56bfc062723c751e8b465ee728b) (PreviewImporter) -> (artifact id: '25939ea7ea58ee767086dc8d9e8adfa4') in 0.0290777 seconds
Number of updated asset objects reloaded before import = 0Number of asset objects unloaded after import = 24

========================================================================
Received Import Request.
  Time since last request: 116.657827 seconds.
  path: Assets/06. Voxel/Character/PlayerCharacter RunnerBot_tex.png
  artifactKey: Guid(c9ac434bff649134a815be237b889107) Importer(815301076,1909f56bfc062723c751e8b465ee728b)
Start importing Assets/06. Voxel/Character/PlayerCharacter RunnerBot_tex.png using Guid(c9ac434bff649134a815be237b889107) Importer(815301076,1909f56bfc062723c751e8b465ee728b) (PreviewImporter) -> (artifact id: 'bc6c34d82ebe96cd161953114142b346') in 0.0064572 seconds
Number of updated asset objects reloaded before import = 0Number of asset objects unloaded after import = 2

========================================================================
Received Import Request.
  Time since last request: 173.235371 seconds.
  path: Assets/06. Voxel/Character/PlayerCharacter RunnerBot_mat1.mat
  artifactKey: Guid(f37b2be17dade494eaa0dad9ab6ea92b) Importer(815301076,1909f56bfc062723c751e8b465ee728b)
Start importing Assets/06. Voxel/Character/PlayerCharacter RunnerBot_mat1.mat using Guid(f37b2be17dade494eaa0dad9ab6ea92b) Importer(815301076,1909f56bfc062723c751e8b465ee728b) (PreviewImporter) -> (artifact id: '2d9b69734bc9cf44ec6b0e4230dbe4e9') in 0.0215207 seconds
Number of updated asset objects reloaded before import = 0Number of asset objects unloaded after import = 24

========================================================================
Received Import Request.
  Time since last request: 1365.465863 seconds.
  path: Assets/06. Voxel/Character/PlayerCharacter_GameBot_tex.png
  artifactKey: Guid(8eb046a7e7a94d944bf0ce9399222079) Importer(815301076,1909f56bfc062723c751e8b465ee728b)
Start importing Assets/06. Voxel/Character/PlayerCharacter_GameBot_tex.png using Guid(8eb046a7e7a94d944bf0ce9399222079) Importer(815301076,1909f56bfc062723c751e8b465ee728b) (PreviewImporter) -> (artifact id: '8ccb4380e4ad87c33e7ecb7d53a5c88e') in 0.0119304 seconds
Number of updated asset objects reloaded before import = 0Number of asset objects unloaded after import = 2

========================================================================
Received Import Request.
  Time since last request: 776.292346 seconds.
  path: Assets/Voxel Arsenal/Prefabs/Interactive/Healing/Green/HealingAuraGreen.prefab
  artifactKey: Guid(9f0211f2d48d701498ac6baf8a231997) Importer(815301076,1909f56bfc062723c751e8b465ee728b)
Start importing Assets/Voxel Arsenal/Prefabs/Interactive/Healing/Green/HealingAuraGreen.prefab using Guid(9f0211f2d48d701498ac6baf8a231997) Importer(815301076,1909f56bfc062723c751e8b465ee728b) (PreviewImporter) -> (artifact id: 'a79fc13f8e583dc42eb4765170c51619') in 0.0467558 seconds
Number of updated asset objects reloaded before import = 0Number of asset objects unloaded after import = 57

========================================================================
Received Import Request.
  Time since last request: 0.000065 seconds.
  path: Assets/Voxel Arsenal/Prefabs/Interactive/Loot Marker/LootRay/LootRayGreen.prefab
  artifactKey: Guid(54b16d815c50a5243b2ef62e8c101695) Importer(815301076,1909f56bfc062723c751e8b465ee728b)
Start importing Assets/Voxel Arsenal/Prefabs/Interactive/Loot Marker/LootRay/LootRayGreen.prefab using Guid(54b16d815c50a5243b2ef62e8c101695) Importer(815301076,1909f56bfc062723c751e8b465ee728b) (PreviewImporter) -> (artifact id: '9d4b1e287ed32d3753883680b7901643') in 0.0157984 seconds
Number of updated asset objects reloaded before import = 0Number of asset objects unloaded after import = 55

========================================================================
Received Import Request.
  Time since last request: 0.000020 seconds.
  path: Assets/Voxel Arsenal/Prefabs/Interactive/Loot Marker/LootRay/LootRayPurple.prefab
  artifactKey: Guid(6a87ebf40520dca4c901936ece87dd23) Importer(815301076,1909f56bfc062723c751e8b465ee728b)
Start importing Assets/Voxel Arsenal/Prefabs/Interactive/Loot Marker/LootRay/LootRayPurple.prefab using Guid(6a87ebf40520dca4c901936ece87dd23) Importer(815301076,1909f56bfc062723c751e8b465ee728b) (PreviewImporter) -> (artifact id: '5bd6bd630d4db393be76a1d556607a5d') in 0.0133473 seconds
Number of updated asset objects reloaded before import = 0Number of asset objects unloaded after import = 55

========================================================================
Received Import Request.
  Time since last request: 0.646151 seconds.
  path: Assets/Voxel Arsenal/Prefabs/Combat/Aura/SwirlAura/SwirlAuraBlue.prefab
  artifactKey: Guid(579365cd679e0ee4993d0f2f33af1f3b) Importer(815301076,1909f56bfc062723c751e8b465ee728b)
Start importing Assets/Voxel Arsenal/Prefabs/Combat/Aura/SwirlAura/SwirlAuraBlue.prefab using Guid(579365cd679e0ee4993d0f2f33af1f3b) Importer(815301076,1909f56bfc062723c751e8b465ee728b) (PreviewImporter) -> (artifact id: 'a28660b5f6d520808fbe5329069d3c2e') in 0.0115796 seconds
Number of updated asset objects reloaded before import = 0Number of asset objects unloaded after import = 44

========================================================================
Received Import Request.
  Time since last request: 2.652704 seconds.
  path: Assets/06. Voxel/Character/PlayerCharacter RunnerBot_tex.png
  artifactKey: Guid(c9ac434bff649134a815be237b889107) Importer(815301076,1909f56bfc062723c751e8b465ee728b)
Start importing Assets/06. Voxel/Character/PlayerCharacter RunnerBot_tex.png using Guid(c9ac434bff649134a815be237b889107) Importer(815301076,1909f56bfc062723c751e8b465ee728b) (PreviewImporter) -> (artifact id: '6efc29f0fb3144264efcafbc62046456') in 0.0072659 seconds
Number of updated asset objects reloaded before import = 0Number of asset objects unloaded after import = 2

========================================================================
Received Import Request.
  Time since last request: 3853.050021 seconds.
  path: Assets/06. Voxel/Column/Column_Brick_Pink.vox
  artifactKey: Guid(f4e93091462410b44951cd1cf1adebe1) Importer(815301076,1909f56bfc062723c751e8b465ee728b)
Start importing Assets/06. Voxel/Column/Column_Brick_Pink.vox using Guid(f4e93091462410b44951cd1cf1adebe1) Importer(815301076,1909f56bfc062723c751e8b465ee728b) (PreviewImporter) -> (artifact id: 'd7720f5d2b0b21ec982e832dd880ee3c') in 0.0474507 seconds
Number of updated asset objects reloaded before import = 0Number of asset objects unloaded after import = 31

========================================================================
Received Import Request.
  Time since last request: 43.984614 seconds.
  path: Assets/06. Voxel/Column/Column_Brick_Pink.vox
  artifactKey: Guid(f4e93091462410b44951cd1cf1adebe1) Importer(815301076,1909f56bfc062723c751e8b465ee728b)
Start importing Assets/06. Voxel/Column/Column_Brick_Pink.vox using Guid(f4e93091462410b44951cd1cf1adebe1) Importer(815301076,1909f56bfc062723c751e8b465ee728b) (PreviewImporter) -> (artifact id: 'b6570fe2ee10d0975767bf8a9202fcdb') in 0.0229655 seconds
Number of updated asset objects reloaded before import = 0Number of asset objects unloaded after import = 31

========================================================================
Received Import Request.
  Time since last request: 130.156835 seconds.
  path: Assets/06. Voxel/Column/Column_Brick_Pink.vox
  artifactKey: Guid(f4e93091462410b44951cd1cf1adebe1) Importer(815301076,1909f56bfc062723c751e8b465ee728b)
Start importing Assets/06. Voxel/Column/Column_Brick_Pink.vox using Guid(f4e93091462410b44951cd1cf1adebe1) Importer(815301076,1909f56bfc062723c751e8b465ee728b) (PreviewImporter) -> (artifact id: 'b4733e15547eff033e610c852b71dac5') in 0.029268 seconds
Number of updated asset objects reloaded before import = 0Number of asset objects unloaded after import = 31

========================================================================
Received Import Request.
  Time since last request: 26.160660 seconds.
  path: Assets/06. Voxel/Column/Column_Brick_Pink.vox
  artifactKey: Guid(f4e93091462410b44951cd1cf1adebe1) Importer(815301076,1909f56bfc062723c751e8b465ee728b)
Start importing Assets/06. Voxel/Column/Column_Brick_Pink.vox using Guid(f4e93091462410b44951cd1cf1adebe1) Importer(815301076,1909f56bfc062723c751e8b465ee728b) (PreviewImporter) -> (artifact id: '7943787bf56dca02367de100aa651b69') in 0.0259483 seconds
Number of updated asset objects reloaded before import = 0Number of asset objects unloaded after import = 31

========================================================================
Received Import Request.
  Time since last request: 98.969336 seconds.
  path: Assets/06. Voxel/Column/Column_Brick_Green.vox
  artifactKey: Guid(acd3201c88e3d30469cef9cad7bfed19) Importer(815301076,1909f56bfc062723c751e8b465ee728b)
Start importing Assets/06. Voxel/Column/Column_Brick_Green.vox using Guid(acd3201c88e3d30469cef9cad7bfed19) Importer(815301076,1909f56bfc062723c751e8b465ee728b) (PreviewImporter) -> (artifact id: '38711cf5a7e0da6dfaba0844c5d3ebf1') in 0.0281652 seconds
Number of updated asset objects reloaded before import = 0Number of asset objects unloaded after import = 31

========================================================================
Received Import Request.
  Time since last request: 53.662246 seconds.
  path: Assets/06. Voxel/Column/Column_Brick_Green.vox
  artifactKey: Guid(acd3201c88e3d30469cef9cad7bfed19) Importer(815301076,1909f56bfc062723c751e8b465ee728b)
Start importing Assets/06. Voxel/Column/Column_Brick_Green.vox using Guid(acd3201c88e3d30469cef9cad7bfed19) Importer(815301076,1909f56bfc062723c751e8b465ee728b) (PreviewImporter) -> (artifact id: '8a7b41c47302072a0e4d4d5b81b7d88f') in 0.0267421 seconds
Number of updated asset objects reloaded before import = 0Number of asset objects unloaded after import = 31

========================================================================
Received Import Request.
  Time since last request: 28.908854 seconds.
  path: Assets/06. Voxel/Column/Column_Brick_Green.vox
  artifactKey: Guid(acd3201c88e3d30469cef9cad7bfed19) Importer(815301076,1909f56bfc062723c751e8b465ee728b)
Start importing Assets/06. Voxel/Column/Column_Brick_Green.vox using Guid(acd3201c88e3d30469cef9cad7bfed19) Importer(815301076,1909f56bfc062723c751e8b465ee728b) (PreviewImporter) -> (artifact id: '47308629d52ffe92cc5aa084d9cbd3bf') in 0.029876 seconds
Number of updated asset objects reloaded before import = 0Number of asset objects unloaded after import = 31

========================================================================
Received Import Request.
  Time since last request: 27.621899 seconds.
  path: Assets/06. Voxel/Column/Column_Brick_Green.vox
  artifactKey: Guid(acd3201c88e3d30469cef9cad7bfed19) Importer(815301076,1909f56bfc062723c751e8b465ee728b)
Start importing Assets/06. Voxel/Column/Column_Brick_Green.vox using Guid(acd3201c88e3d30469cef9cad7bfed19) Importer(815301076,1909f56bfc062723c751e8b465ee728b) (PreviewImporter) -> (artifact id: '74338e5afc16e6bd7277d56bea3e6cbe') in 0.0246721 seconds
Number of updated asset objects reloaded before import = 0Number of asset objects unloaded after import = 31

========================================================================
Received Import Request.
  Time since last request: 105.685280 seconds.
  path: Assets/06. Voxel/Column/Column_Brick_Orange.vox
  artifactKey: Guid(c766bc3511852674d8cb767add49fda8) Importer(815301076,1909f56bfc062723c751e8b465ee728b)
Start importing Assets/06. Voxel/Column/Column_Brick_Orange.vox using Guid(c766bc3511852674d8cb767add49fda8) Importer(815301076,1909f56bfc062723c751e8b465ee728b) (PreviewImporter) -> (artifact id: 'f1be67a701c6a09aefffaefe8a0d4289') in 0.0248799 seconds
Number of updated asset objects reloaded before import = 0Number of asset objects unloaded after import = 31

========================================================================
Received Import Request.
  Time since last request: 105.215037 seconds.
  path: Assets/06. Voxel/Column/Column_Brick_Yellow.vox
  artifactKey: Guid(3cb07bb60682dd746992f320c1f11634) Importer(815301076,1909f56bfc062723c751e8b465ee728b)
Start importing Assets/06. Voxel/Column/Column_Brick_Yellow.vox using Guid(3cb07bb60682dd746992f320c1f11634) Importer(815301076,1909f56bfc062723c751e8b465ee728b) (PreviewImporter) -> (artifact id: '18905c2925599ce7cb932188c9d2a895') in 0.0364263 seconds
Number of updated asset objects reloaded before import = 0Number of asset objects unloaded after import = 31

========================================================================
Received Import Request.
  Time since last request: 32.500833 seconds.
  path: Assets/06. Voxel/Column/Column_Brick_Yellow.vox
  artifactKey: Guid(3cb07bb60682dd746992f320c1f11634) Importer(815301076,1909f56bfc062723c751e8b465ee728b)
Start importing Assets/06. Voxel/Column/Column_Brick_Yellow.vox using Guid(3cb07bb60682dd746992f320c1f11634) Importer(815301076,1909f56bfc062723c751e8b465ee728b) (PreviewImporter) -> (artifact id: '909199c993aaea9755ce201a0dc69452') in 0.0307184 seconds
Number of updated asset objects reloaded before import = 0Number of asset objects unloaded after import = 31

========================================================================
Received Prepare
Refreshing native plugins compatible for Editor in 0.65 ms, found 3 plugins.
Preloading 0 native plugins for Editor in 0.00 ms.
Unloading 20 Unused Serialized files (Serialized files now loaded: 0)
Unloading 7083 unused Assets / (5.8 MB). Loaded Objects now: 7997.
Memory consumption went from 158.1 MB to 152.3 MB.
Total: 38.362100 ms (FindLiveObjects: 1.190000 ms CreateObjectMapping: 1.216100 ms MarkObjects: 31.739900 ms  DeleteObjects: 4.214600 ms)

Prepare: number of updated asset objects reloaded= 0
========================================================================
Received Prepare
Begin MonoManager ReloadAssembly
Symbol file LoadedFromMemory doesn't match image E:\Projects\2024\ProjectTTF\Library\PackageCache\com.unity.visualscripting@1.8.0\Editor\VisualScripting.Core\Dependencies\YamlDotNet\Unity.VisualScripting.YamlDotNet.dll
Symbol file LoadedFromMemory doesn't match image E:\Projects\2024\ProjectTTF\Library\PackageCache\com.unity.visualscripting@1.8.0\Editor\VisualScripting.Core\Dependencies\DotNetZip\Unity.VisualScripting.IonicZip.dll
Symbol file LoadedFromMemory is not a mono symbol file
- Loaded All Assemblies, in  0.925 seconds
Refreshing native plugins compatible for Editor in 0.40 ms, found 3 plugins.
Native extension for LinuxStandalone target not found
Native extension for Android target not found
Native extension for WindowsStandalone target not found
Native extension for WebGL target not found
Mono: successfully reloaded assembly
- Finished resetting the current domain, in  0.734 seconds
Domain Reload Profiling: 1661ms
	BeginReloadAssembly (292ms)
		ExecutionOrderSort (0ms)
		DisableScriptedObjects (24ms)
		BackupInstance (0ms)
		ReleaseScriptingObjects (0ms)
		CreateAndSetChildDomain (101ms)
	RebuildCommonClasses (38ms)
	RebuildNativeTypeToScriptingClass (14ms)
	initialDomainReloadingComplete (29ms)
	LoadAllAssembliesAndSetupDomain (554ms)
		LoadAssemblies (460ms)
		RebuildTransferFunctionScriptingTraits (0ms)
		AnalyzeDomain (206ms)
			TypeCache.Refresh (13ms)
				TypeCache.ScanAssembly (1ms)
			BuildScriptInfoCaches (174ms)
			ResolveRequiredComponents (12ms)
	FinalizeReload (735ms)
		ReleaseScriptCaches (0ms)
		RebuildScriptCaches (0ms)
		SetupLoadedEditorAssemblies (465ms)
			LogAssemblyErrors (0ms)
			InitializePlatformSupportModulesInManaged (23ms)
			SetLoadedEditorAssemblies (4ms)
			BeforeProcessingInitializeOnLoad (69ms)
			ProcessInitializeOnLoadAttributes (318ms)
			ProcessInitializeOnLoadMethodAttributes (47ms)
			AfterProcessingInitializeOnLoad (4ms)
			EditorAssembliesLoaded (0ms)
		ExecutionOrderSort2 (0ms)
		AwakeInstancesAfterBackupRestoration (25ms)
Refreshing native plugins compatible for Editor in 0.65 ms, found 3 plugins.
Preloading 0 native plugins for Editor in 0.00 ms.
Unloading 31 Unused Serialized files (Serialized files now loaded: 0)
Unloading 7085 unused Assets / (5.4 MB). Loaded Objects now: 7937.
Memory consumption went from 169.8 MB to 164.5 MB.
Total: 17.378400 ms (FindLiveObjects: 1.184300 ms CreateObjectMapping: 1.545400 ms MarkObjects: 8.739100 ms  DeleteObjects: 5.908100 ms)

Prepare: number of updated asset objects reloaded= 0
========================================================================
Received Prepare
Begin MonoManager ReloadAssembly
Symbol file LoadedFromMemory doesn't match image E:\Projects\2024\ProjectTTF\Library\PackageCache\com.unity.visualscripting@1.8.0\Editor\VisualScripting.Core\Dependencies\YamlDotNet\Unity.VisualScripting.YamlDotNet.dll
Symbol file LoadedFromMemory doesn't match image E:\Projects\2024\ProjectTTF\Library\PackageCache\com.unity.visualscripting@1.8.0\Editor\VisualScripting.Core\Dependencies\DotNetZip\Unity.VisualScripting.IonicZip.dll
Symbol file LoadedFromMemory is not a mono symbol file
- Loaded All Assemblies, in  0.668 seconds
Refreshing native plugins compatible for Editor in 0.37 ms, found 3 plugins.
Native extension for LinuxStandalone target not found
Native extension for Android target not found
Native extension for WindowsStandalone target not found
Native extension for WebGL target not found
Mono: successfully reloaded assembly
- Finished resetting the current domain, in  0.694 seconds
Domain Reload Profiling: 1363ms
	BeginReloadAssembly (188ms)
		ExecutionOrderSort (0ms)
		DisableScriptedObjects (6ms)
		BackupInstance (0ms)
		ReleaseScriptingObjects (0ms)
		CreateAndSetChildDomain (49ms)
	RebuildCommonClasses (33ms)
	RebuildNativeTypeToScriptingClass (13ms)
	initialDomainReloadingComplete (25ms)
	LoadAllAssembliesAndSetupDomain (409ms)
		LoadAssemblies (296ms)
		RebuildTransferFunctionScriptingTraits (0ms)
		AnalyzeDomain (200ms)
			TypeCache.Refresh (12ms)
				TypeCache.ScanAssembly (1ms)
			BuildScriptInfoCaches (172ms)
			ResolveRequiredComponents (10ms)
	FinalizeReload (695ms)
		ReleaseScriptCaches (0ms)
		RebuildScriptCaches (0ms)
		SetupLoadedEditorAssemblies (449ms)
			LogAssemblyErrors (0ms)
			InitializePlatformSupportModulesInManaged (18ms)
			SetLoadedEditorAssemblies (3ms)
			BeforeProcessingInitializeOnLoad (56ms)
			ProcessInitializeOnLoadAttributes (328ms)
			ProcessInitializeOnLoadMethodAttributes (39ms)
			AfterProcessingInitializeOnLoad (4ms)
			EditorAssembliesLoaded (0ms)
		ExecutionOrderSort2 (0ms)
		AwakeInstancesAfterBackupRestoration (24ms)
Refreshing native plugins compatible for Editor in 0.57 ms, found 3 plugins.
Preloading 0 native plugins for Editor in 0.00 ms.
Unloading 18 Unused Serialized files (Serialized files now loaded: 0)
Unloading 7085 unused Assets / (4.9 MB). Loaded Objects now: 7937.
Memory consumption went from 171.6 MB to 166.6 MB.
Total: 11.788700 ms (FindLiveObjects: 1.061300 ms CreateObjectMapping: 2.272800 ms MarkObjects: 5.327300 ms  DeleteObjects: 3.126000 ms)

Prepare: number of updated asset objects reloaded= 0
========================================================================
Received Import Request.
  Time since last request: 1250.910138 seconds.
  path: Assets/Resources/Fonts/SDF/Pretendard/Pretendard-ExtraBold SDF.asset
  artifactKey: Guid(0017ff6e9fb16534d94f3ed1eded1071) Importer(815301076,1909f56bfc062723c751e8b465ee728b)
Start importing Assets/Resources/Fonts/SDF/Pretendard/Pretendard-ExtraBold SDF.asset using Guid(0017ff6e9fb16534d94f3ed1eded1071) Importer(815301076,1909f56bfc062723c751e8b465ee728b) (PreviewImporter) -> (artifact id: '94fdd11df6b468750ff439d423beb8e0') in 0.4546142 seconds
Number of updated asset objects reloaded before import = 0Number of asset objects unloaded after import = 28

========================================================================
Received Import Request.
  Time since last request: 0.000027 seconds.
  path: Assets/01. Scenes/InGame/ReflectionProbe-0.exr
  artifactKey: Guid(a03404809a4cf44f5918beb8f218ceb3) Importer(815301076,1909f56bfc062723c751e8b465ee728b)
Start importing Assets/01. Scenes/InGame/ReflectionProbe-0.exr using Guid(a03404809a4cf44f5918beb8f218ceb3) Importer(815301076,1909f56bfc062723c751e8b465ee728b) (PreviewImporter) -> (artifact id: 'd9f72cde5b7f38eb5b941258bc11bf49') in 0.0260789 seconds
Number of updated asset objects reloaded before import = 0Number of asset objects unloaded after import = 22

